This file contains any messages produced by compilers while
running configure, to aid debugging if configure makes a mistake.

It was created by vcontrol configure 1.0, which was
generated by GNU Autoconf 2.69.  Invocation command line was

  $ ./configure 

## --------- ##
## Platform. ##
## --------- ##

hostname = raspberrypi2
uname -m = armv6l
uname -r = 3.6.11+
uname -s = Linux
uname -v = #538 PREEMPT Fri Aug 30 20:42:08 BST 2013

/usr/bin/uname -p = unknown
/bin/uname -X     = unknown

/bin/arch              = unknown
/usr/bin/arch -k       = unknown
/usr/convex/getsysinfo = unknown
/usr/bin/hostinfo      = unknown
/bin/machine           = unknown
/usr/bin/oslevel       = unknown
/bin/universe          = unknown

PATH: /usr/local/sbin
PATH: /usr/local/bin
PATH: /usr/sbin
PATH: /usr/bin
PATH: /sbin
PATH: /bin
PATH: /usr/local/games
PATH: /usr/games


## ----------- ##
## Core tests. ##
## ----------- ##

configure:2354: checking for a BSD-compatible install
configure:2422: result: /usr/bin/install -c
configure:2433: checking whether build environment is sane
configure:2483: result: yes
configure:2624: checking for a thread-safe mkdir -p
configure:2663: result: /bin/mkdir -p
configure:2676: checking for gawk
configure:2706: result: no
configure:2676: checking for mawk
configure:2692: found /usr/bin/mawk
configure:2703: result: mawk
configure:2714: checking whether make sets $(MAKE)
configure:2736: result: yes
configure:2869: checking for gcc
configure:2885: found /usr/bin/gcc
configure:2896: result: gcc
configure:3125: checking for C compiler version
configure:3134: gcc --version >&5
gcc (Debian 4.6.3-14+rpi1) 4.6.3
Copyright (C) 2011 Free Software Foundation, Inc.
This is free software; see the source for copying conditions.  There is NO
warranty; not even for MERCHANTABILITY or FITNESS FOR A PARTICULAR PURPOSE.

configure:3145: $? = 0
configure:3134: gcc -v >&5
Using built-in specs.
COLLECT_GCC=gcc
COLLECT_LTO_WRAPPER=/usr/lib/gcc/arm-linux-gnueabihf/4.6/lto-wrapper
Target: arm-linux-gnueabihf
Configured with: ../src/configure -v --with-pkgversion='Debian 4.6.3-14+rpi1' --with-bugurl=file:///usr/share/doc/gcc-4.6/README.Bugs --enable-languages=c,c++,fortran,objc,obj-c++ --prefix=/usr --program-suffix=-4.6 --enable-shared --enable-linker-build-id --with-system-zlib --libexecdir=/usr/lib --without-included-gettext --enable-threads=posix --with-gxx-include-dir=/usr/include/c++/4.6 --libdir=/usr/lib --enable-nls --with-sysroot=/ --enable-clocale=gnu --enable-libstdcxx-debug --enable-libstdcxx-time=yes --enable-gnu-unique-object --enable-plugin --enable-objc-gc --disable-sjlj-exceptions --with-arch=armv6 --with-fpu=vfp --with-float=hard --enable-checking=release --build=arm-linux-gnueabihf --host=arm-linux-gnueabihf --target=arm-linux-gnueabihf
Thread model: posix
gcc version 4.6.3 (Debian 4.6.3-14+rpi1) 
configure:3145: $? = 0
configure:3134: gcc -V >&5
gcc: error: unrecognized option '-V'
gcc: fatal error: no input files
compilation terminated.
configure:3145: $? = 4
configure:3134: gcc -qversion >&5
gcc: error: unrecognized option '-qversion'
gcc: fatal error: no input files
compilation terminated.
configure:3145: $? = 4
configure:3165: checking whether the C compiler works
configure:3187: gcc    conftest.c  >&5
configure:3191: $? = 0
configure:3239: result: yes
configure:3242: checking for C compiler default output file name
configure:3244: result: a.out
configure:3250: checking for suffix of executables
configure:3257: gcc -o conftest    conftest.c  >&5
configure:3261: $? = 0
configure:3283: result: 
configure:3305: checking whether we are cross compiling
configure:3313: gcc -o conftest    conftest.c  >&5
configure:3317: $? = 0
configure:3324: ./conftest
configure:3328: $? = 0
configure:3343: result: no
configure:3348: checking for suffix of object files
configure:3370: gcc -c   conftest.c >&5
configure:3374: $? = 0
configure:3395: result: o
configure:3399: checking whether we are using the GNU C compiler
configure:3418: gcc -c   conftest.c >&5
configure:3418: $? = 0
configure:3427: result: yes
configure:3436: checking whether gcc accepts -g
configure:3456: gcc -c -g  conftest.c >&5
configure:3456: $? = 0
configure:3497: result: yes
configure:3514: checking for gcc option to accept ISO C89
configure:3577: gcc  -c -g -O2  conftest.c >&5
configure:3577: $? = 0
configure:3590: result: none needed
configure:3631: checking for xmlParseFile in -lxml2
configure:3656: gcc -o conftest -g -O2   conftest.c -lxml2   >&5
configure:3656: $? = 0
configure:3665: result: yes
configure:3743: checking how to run the C preprocessor
configure:3774: gcc -E  conftest.c
configure:3774: $? = 0
configure:3788: gcc -E  conftest.c
conftest.c:11:28: fatal error: ac_nonexistent.h: No such file or directory
compilation terminated.
configure:3788: $? = 1
configure: failed program was:
| /* confdefs.h */
| #define PACKAGE_NAME "vcontrol"
| #define PACKAGE_TARNAME "vcontrol"
| #define PACKAGE_VERSION "1.0"
| #define PACKAGE_STRING "vcontrol 1.0"
| #define PACKAGE_BUGREPORT "mschroether@gmx.de"
| #define PACKAGE_URL ""
| #define PACKAGE "vcontrol"
| #define VERSION "1.0"
| /* end confdefs.h.  */
| #include <ac_nonexistent.h>
configure:3813: result: gcc -E
configure:3833: gcc -E  conftest.c
configure:3833: $? = 0
configure:3847: gcc -E  conftest.c
conftest.c:11:28: fatal error: ac_nonexistent.h: No such file or directory
compilation terminated.
configure:3847: $? = 1
configure: failed program was:
| /* confdefs.h */
| #define PACKAGE_NAME "vcontrol"
| #define PACKAGE_TARNAME "vcontrol"
| #define PACKAGE_VERSION "1.0"
| #define PACKAGE_STRING "vcontrol 1.0"
| #define PACKAGE_BUGREPORT "mschroether@gmx.de"
| #define PACKAGE_URL ""
| #define PACKAGE "vcontrol"
| #define VERSION "1.0"
| /* end confdefs.h.  */
| #include <ac_nonexistent.h>
configure:3876: checking for grep that handles long lines and -e
configure:3934: result: /bin/grep
configure:3939: checking for egrep
configure:4001: result: /bin/grep -E
configure:4006: checking for ANSI C header files
configure:4026: gcc -c -g -O2  conftest.c >&5
configure:4026: $? = 0
configure:4099: gcc -o conftest -g -O2   conftest.c -lxml2  >&5
configure:4099: $? = 0
configure:4099: ./conftest
configure:4099: $? = 0
configure:4110: result: yes
configure:4123: checking for sys/types.h
configure:4123: gcc -c -g -O2  conftest.c >&5
configure:4123: $? = 0
configure:4123: result: yes
configure:4123: checking for sys/stat.h
configure:4123: gcc -c -g -O2  conftest.c >&5
configure:4123: $? = 0
configure:4123: result: yes
configure:4123: checking for stdlib.h
configure:4123: gcc -c -g -O2  conftest.c >&5
configure:4123: $? = 0
configure:4123: result: yes
configure:4123: checking for string.h
configure:4123: gcc -c -g -O2  conftest.c >&5
configure:4123: $? = 0
configure:4123: result: yes
configure:4123: checking for memory.h
configure:4123: gcc -c -g -O2  conftest.c >&5
configure:4123: $? = 0
configure:4123: result: yes
configure:4123: checking for strings.h
configure:4123: gcc -c -g -O2  conftest.c >&5
configure:4123: $? = 0
configure:4123: result: yes
configure:4123: checking for inttypes.h
configure:4123: gcc -c -g -O2  conftest.c >&5
configure:4123: $? = 0
configure:4123: result: yes
configure:4123: checking for stdint.h
configure:4123: gcc -c -g -O2  conftest.c >&5
configure:4123: $? = 0
configure:4123: result: yes
configure:4123: checking for unistd.h
configure:4123: gcc -c -g -O2  conftest.c >&5
configure:4123: $? = 0
configure:4123: result: yes
configure:4138: checking arpa/inet.h usability
configure:4138: gcc -c -g -O2  conftest.c >&5
configure:4138: $? = 0
configure:4138: result: yes
configure:4138: checking arpa/inet.h presence
configure:4138: gcc -E  conftest.c
configure:4138: $? = 0
configure:4138: result: yes
configure:4138: checking for arpa/inet.h
configure:4138: result: yes
configure:4138: checking fcntl.h usability
configure:4138: gcc -c -g -O2  conftest.c >&5
configure:4138: $? = 0
configure:4138: result: yes
configure:4138: checking fcntl.h presence
configure:4138: gcc -E  conftest.c
configure:4138: $? = 0
configure:4138: result: yes
configure:4138: checking for fcntl.h
configure:4138: result: yes
configure:4138: checking netdb.h usability
configure:4138: gcc -c -g -O2  conftest.c >&5
configure:4138: $? = 0
configure:4138: result: yes
configure:4138: checking netdb.h presence
configure:4138: gcc -E  conftest.c
configure:4138: $? = 0
configure:4138: result: yes
configure:4138: checking for netdb.h
configure:4138: result: yes
configure:4138: checking for stdint.h
configure:4138: result: yes
configure:4138: checking for stdlib.h
configure:4138: result: yes
configure:4138: checking for string.h
configure:4138: result: yes
configure:4138: checking sys/ioctl.h usability
configure:4138: gcc -c -g -O2  conftest.c >&5
configure:4138: $? = 0
configure:4138: result: yes
configure:4138: checking sys/ioctl.h presence
configure:4138: gcc -E  conftest.c
configure:4138: $? = 0
configure:4138: result: yes
configure:4138: checking for sys/ioctl.h
configure:4138: result: yes
configure:4138: checking sys/socket.h usability
configure:4138: gcc -c -g -O2  conftest.c >&5
configure:4138: $? = 0
configure:4138: result: yes
configure:4138: checking sys/socket.h presence
configure:4138: gcc -E  conftest.c
configure:4138: $? = 0
configure:4138: result: yes
configure:4138: checking for sys/socket.h
configure:4138: result: yes
configure:4138: checking sys/time.h usability
configure:4138: gcc -c -g -O2  conftest.c >&5
configure:4138: $? = 0
configure:4138: result: yes
configure:4138: checking sys/time.h presence
configure:4138: gcc -E  conftest.c
configure:4138: $? = 0
configure:4138: result: yes
configure:4138: checking for sys/time.h
configure:4138: result: yes
configure:4138: checking syslog.h usability
configure:4138: gcc -c -g -O2  conftest.c >&5
configure:4138: $? = 0
configure:4138: result: yes
configure:4138: checking syslog.h presence
configure:4138: gcc -E  conftest.c
configure:4138: $? = 0
configure:4138: result: yes
configure:4138: checking for syslog.h
configure:4138: result: yes
configure:4138: checking termios.h usability
configure:4138: gcc -c -g -O2  conftest.c >&5
configure:4138: $? = 0
configure:4138: result: yes
configure:4138: checking termios.h presence
configure:4138: gcc -E  conftest.c
configure:4138: $? = 0
configure:4138: result: yes
configure:4138: checking for termios.h
configure:4138: result: yes
configure:4138: checking for unistd.h
configure:4138: result: yes
configure:4138: checking for sys/types.h
configure:4138: result: yes
configure:4138: checking sys/ipc.h usability
configure:4138: gcc -c -g -O2  conftest.c >&5
configure:4138: $? = 0
configure:4138: result: yes
configure:4138: checking sys/ipc.h presence
configure:4138: gcc -E  conftest.c
configure:4138: $? = 0
configure:4138: result: yes
configure:4138: checking for sys/ipc.h
configure:4138: result: yes
configure:4138: checking sys/sem.h usability
configure:4138: gcc -c -g -O2  conftest.c >&5
configure:4138: $? = 0
configure:4138: result: yes
configure:4138: checking sys/sem.h presence
configure:4138: gcc -E  conftest.c
configure:4138: $? = 0
configure:4138: result: yes
configure:4138: checking for sys/sem.h
configure:4138: result: yes
configure:4150: checking for libxml/xmlmemory.h
configure:4165: gcc -c -g -O2  conftest.c >&5
conftest.c:36:30: fatal error: libxml/xmlmemory.h: No such file or directory
compilation terminated.
configure:4165: $? = 1
configure: failed program was:
| /* confdefs.h */
| #define PACKAGE_NAME "vcontrol"
| #define PACKAGE_TARNAME "vcontrol"
| #define PACKAGE_VERSION "1.0"
| #define PACKAGE_STRING "vcontrol 1.0"
| #define PACKAGE_BUGREPORT "mschroether@gmx.de"
| #define PACKAGE_URL ""
| #define PACKAGE "vcontrol"
| #define VERSION "1.0"
| #define STDC_HEADERS 1
| #define HAVE_SYS_TYPES_H 1
| #define HAVE_SYS_STAT_H 1
| #define HAVE_STDLIB_H 1
| #define HAVE_STRING_H 1
| #define HAVE_MEMORY_H 1
| #define HAVE_STRINGS_H 1
| #define HAVE_INTTYPES_H 1
| #define HAVE_STDINT_H 1
| #define HAVE_UNISTD_H 1
| #define HAVE_ARPA_INET_H 1
| #define HAVE_FCNTL_H 1
| #define HAVE_NETDB_H 1
| #define HAVE_STDINT_H 1
| #define HAVE_STDLIB_H 1
| #define HAVE_STRING_H 1
| #define HAVE_SYS_IOCTL_H 1
| #define HAVE_SYS_SOCKET_H 1
| #define HAVE_SYS_TIME_H 1
| #define HAVE_SYSLOG_H 1
| #define HAVE_TERMIOS_H 1
| #define HAVE_UNISTD_H 1
| #define HAVE_SYS_TYPES_H 1
| #define HAVE_SYS_IPC_H 1
| #define HAVE_SYS_SEM_H 1
| /* end confdefs.h.  */
| #include <libxml/xmlmemory.h>
| int
| main ()
| {
| int a = 1;
|   ;
|   return 0;
| }
configure:4189: gcc -c -g -O2  -I/usr/include conftest.c >&5
conftest.c:36:30: fatal error: libxml/xmlmemory.h: No such file or directory
compilation terminated.
configure:4189: $? = 1
configure: failed program was:
| /* confdefs.h */
| #define PACKAGE_NAME "vcontrol"
| #define PACKAGE_TARNAME "vcontrol"
| #define PACKAGE_VERSION "1.0"
| #define PACKAGE_STRING "vcontrol 1.0"
| #define PACKAGE_BUGREPORT "mschroether@gmx.de"
| #define PACKAGE_URL ""
| #define PACKAGE "vcontrol"
| #define VERSION "1.0"
| #define STDC_HEADERS 1
| #define HAVE_SYS_TYPES_H 1
| #define HAVE_SYS_STAT_H 1
| #define HAVE_STDLIB_H 1
| #define HAVE_STRING_H 1
| #define HAVE_MEMORY_H 1
| #define HAVE_STRINGS_H 1
| #define HAVE_INTTYPES_H 1
| #define HAVE_STDINT_H 1
| #define HAVE_UNISTD_H 1
| #define HAVE_ARPA_INET_H 1
| #define HAVE_FCNTL_H 1
| #define HAVE_NETDB_H 1
| #define HAVE_STDINT_H 1
| #define HAVE_STDLIB_H 1
| #define HAVE_STRING_H 1
| #define HAVE_SYS_IOCTL_H 1
| #define HAVE_SYS_SOCKET_H 1
| #define HAVE_SYS_TIME_H 1
| #define HAVE_SYSLOG_H 1
| #define HAVE_TERMIOS_H 1
| #define HAVE_UNISTD_H 1
| #define HAVE_SYS_TYPES_H 1
| #define HAVE_SYS_IPC_H 1
| #define HAVE_SYS_SEM_H 1
| /* end confdefs.h.  */
| #include <libxml/xmlmemory.h>
| int
| main ()
| {
| int a = 1;
|   ;
|   return 0;
| }
configure:4189: gcc -c -g -O2  -I/usr/local/include conftest.c >&5
conftest.c:36:30: fatal error: libxml/xmlmemory.h: No such file or directory
compilation terminated.
configure:4189: $? = 1
configure: failed program was:
| /* confdefs.h */
| #define PACKAGE_NAME "vcontrol"
| #define PACKAGE_TARNAME "vcontrol"
| #define PACKAGE_VERSION "1.0"
| #define PACKAGE_STRING "vcontrol 1.0"
| #define PACKAGE_BUGREPORT "mschroether@gmx.de"
| #define PACKAGE_URL ""
| #define PACKAGE "vcontrol"
| #define VERSION "1.0"
| #define STDC_HEADERS 1
| #define HAVE_SYS_TYPES_H 1
| #define HAVE_SYS_STAT_H 1
| #define HAVE_STDLIB_H 1
| #define HAVE_STRING_H 1
| #define HAVE_MEMORY_H 1
| #define HAVE_STRINGS_H 1
| #define HAVE_INTTYPES_H 1
| #define HAVE_STDINT_H 1
| #define HAVE_UNISTD_H 1
| #define HAVE_ARPA_INET_H 1
| #define HAVE_FCNTL_H 1
| #define HAVE_NETDB_H 1
| #define HAVE_STDINT_H 1
| #define HAVE_STDLIB_H 1
| #define HAVE_STRING_H 1
| #define HAVE_SYS_IOCTL_H 1
| #define HAVE_SYS_SOCKET_H 1
| #define HAVE_SYS_TIME_H 1
| #define HAVE_SYSLOG_H 1
| #define HAVE_TERMIOS_H 1
| #define HAVE_UNISTD_H 1
| #define HAVE_SYS_TYPES_H 1
| #define HAVE_SYS_IPC_H 1
| #define HAVE_SYS_SEM_H 1
| /* end confdefs.h.  */
| #include <libxml/xmlmemory.h>
| int
| main ()
| {
| int a = 1;
|   ;
|   return 0;
| }
configure:4189: gcc -c -g -O2  -I/usr/include/libxml2 conftest.c >&5
configure:4189: $? = 0
configure:4208: result: yes
configure:4212: checking for an ANSI C-conforming const
configure:4278: gcc -c -g -O2  -I/usr/include/libxml2 conftest.c >&5
configure:4278: $? = 0
configure:4285: result: yes
configure:4293: checking for int16_t
configure:4293: gcc -c -g -O2  -I/usr/include/libxml2 conftest.c >&5
configure:4293: $? = 0
configure:4293: gcc -c -g -O2  -I/usr/include/libxml2 conftest.c >&5
conftest.c: In function 'main':
conftest.c:73:12: error: size of array 'test_array' is negative
configure:4293: $? = 1
configure: failed program was:
| /* confdefs.h */
| #define PACKAGE_NAME "vcontrol"
| #define PACKAGE_TARNAME "vcontrol"
| #define PACKAGE_VERSION "1.0"
| #define PACKAGE_STRING "vcontrol 1.0"
| #define PACKAGE_BUGREPORT "mschroether@gmx.de"
| #define PACKAGE_URL ""
| #define PACKAGE "vcontrol"
| #define VERSION "1.0"
| #define STDC_HEADERS 1
| #define HAVE_SYS_TYPES_H 1
| #define HAVE_SYS_STAT_H 1
| #define HAVE_STDLIB_H 1
| #define HAVE_STRING_H 1
| #define HAVE_MEMORY_H 1
| #define HAVE_STRINGS_H 1
| #define HAVE_INTTYPES_H 1
| #define HAVE_STDINT_H 1
| #define HAVE_UNISTD_H 1
| #define HAVE_ARPA_INET_H 1
| #define HAVE_FCNTL_H 1
| #define HAVE_NETDB_H 1
| #define HAVE_STDINT_H 1
| #define HAVE_STDLIB_H 1
| #define HAVE_STRING_H 1
| #define HAVE_SYS_IOCTL_H 1
| #define HAVE_SYS_SOCKET_H 1
| #define HAVE_SYS_TIME_H 1
| #define HAVE_SYSLOG_H 1
| #define HAVE_TERMIOS_H 1
| #define HAVE_UNISTD_H 1
| #define HAVE_SYS_TYPES_H 1
| #define HAVE_SYS_IPC_H 1
| #define HAVE_SYS_SEM_H 1
| /* end confdefs.h.  */
| #include <stdio.h>
| #ifdef HAVE_SYS_TYPES_H
| # include <sys/types.h>
| #endif
| #ifdef HAVE_SYS_STAT_H
| # include <sys/stat.h>
| #endif
| #ifdef STDC_HEADERS
| # include <stdlib.h>
| # include <stddef.h>
| #else
| # ifdef HAVE_STDLIB_H
| #  include <stdlib.h>
| # endif
| #endif
| #ifdef HAVE_STRING_H
| # if !defined STDC_HEADERS && defined HAVE_MEMORY_H
| #  include <memory.h>
| # endif
| # include <string.h>
| #endif
| #ifdef HAVE_STRINGS_H
| # include <strings.h>
| #endif
| #ifdef HAVE_INTTYPES_H
| # include <inttypes.h>
| #endif
| #ifdef HAVE_STDINT_H
| # include <stdint.h>
| #endif
| #ifdef HAVE_UNISTD_H
| # include <unistd.h>
| #endif
| 	        enum { N = 16 / 2 - 1 };
| int
| main ()
| {
| static int test_array [1 - 2 * !((int16_t) (((((int16_t) 1 << N) << N) - 1) * 2 + 1)
| 		 < (int16_t) (((((int16_t) 1 << N) << N) - 1) * 2 + 2))];
| test_array [0] = 0;
| return test_array [0];
| 
|   ;
|   return 0;
| }
configure:4293: result: yes
configure:4304: checking for int32_t
configure:4304: gcc -c -g -O2  -I/usr/include/libxml2 conftest.c >&5
configure:4304: $? = 0
configure:4304: gcc -c -g -O2  -I/usr/include/libxml2 conftest.c >&5
conftest.c: In function 'main':
conftest.c:74:53: warning: integer overflow in expression [-Woverflow]
conftest.c:73:12: error: storage size of 'test_array' isn't constant
configure:4304: $? = 1
configure: failed program was:
| /* confdefs.h */
| #define PACKAGE_NAME "vcontrol"
| #define PACKAGE_TARNAME "vcontrol"
| #define PACKAGE_VERSION "1.0"
| #define PACKAGE_STRING "vcontrol 1.0"
| #define PACKAGE_BUGREPORT "mschroether@gmx.de"
| #define PACKAGE_URL ""
| #define PACKAGE "vcontrol"
| #define VERSION "1.0"
| #define STDC_HEADERS 1
| #define HAVE_SYS_TYPES_H 1
| #define HAVE_SYS_STAT_H 1
| #define HAVE_STDLIB_H 1
| #define HAVE_STRING_H 1
| #define HAVE_MEMORY_H 1
| #define HAVE_STRINGS_H 1
| #define HAVE_INTTYPES_H 1
| #define HAVE_STDINT_H 1
| #define HAVE_UNISTD_H 1
| #define HAVE_ARPA_INET_H 1
| #define HAVE_FCNTL_H 1
| #define HAVE_NETDB_H 1
| #define HAVE_STDINT_H 1
| #define HAVE_STDLIB_H 1
| #define HAVE_STRING_H 1
| #define HAVE_SYS_IOCTL_H 1
| #define HAVE_SYS_SOCKET_H 1
| #define HAVE_SYS_TIME_H 1
| #define HAVE_SYSLOG_H 1
| #define HAVE_TERMIOS_H 1
| #define HAVE_UNISTD_H 1
| #define HAVE_SYS_TYPES_H 1
| #define HAVE_SYS_IPC_H 1
| #define HAVE_SYS_SEM_H 1
| /* end confdefs.h.  */
| #include <stdio.h>
| #ifdef HAVE_SYS_TYPES_H
| # include <sys/types.h>
| #endif
| #ifdef HAVE_SYS_STAT_H
| # include <sys/stat.h>
| #endif
| #ifdef STDC_HEADERS
| # include <stdlib.h>
| # include <stddef.h>
| #else
| # ifdef HAVE_STDLIB_H
| #  include <stdlib.h>
| # endif
| #endif
| #ifdef HAVE_STRING_H
| # if !defined STDC_HEADERS && defined HAVE_MEMORY_H
| #  include <memory.h>
| # endif
| # include <string.h>
| #endif
| #ifdef HAVE_STRINGS_H
| # include <strings.h>
| #endif
| #ifdef HAVE_INTTYPES_H
| # include <inttypes.h>
| #endif
| #ifdef HAVE_STDINT_H
| # include <stdint.h>
| #endif
| #ifdef HAVE_UNISTD_H
| # include <unistd.h>
| #endif
| 	        enum { N = 32 / 2 - 1 };
| int
| main ()
| {
| static int test_array [1 - 2 * !((int32_t) (((((int32_t) 1 << N) << N) - 1) * 2 + 1)
| 		 < (int32_t) (((((int32_t) 1 << N) << N) - 1) * 2 + 2))];
| test_array [0] = 0;
| return test_array [0];
| 
|   ;
|   return 0;
| }
configure:4304: result: yes
configure:4315: checking for int8_t
configure:4315: gcc -c -g -O2  -I/usr/include/libxml2 conftest.c >&5
configure:4315: $? = 0
configure:4315: gcc -c -g -O2  -I/usr/include/libxml2 conftest.c >&5
conftest.c: In function 'main':
conftest.c:73:12: error: size of array 'test_array' is negative
configure:4315: $? = 1
configure: failed program was:
| /* confdefs.h */
| #define PACKAGE_NAME "vcontrol"
| #define PACKAGE_TARNAME "vcontrol"
| #define PACKAGE_VERSION "1.0"
| #define PACKAGE_STRING "vcontrol 1.0"
| #define PACKAGE_BUGREPORT "mschroether@gmx.de"
| #define PACKAGE_URL ""
| #define PACKAGE "vcontrol"
| #define VERSION "1.0"
| #define STDC_HEADERS 1
| #define HAVE_SYS_TYPES_H 1
| #define HAVE_SYS_STAT_H 1
| #define HAVE_STDLIB_H 1
| #define HAVE_STRING_H 1
| #define HAVE_MEMORY_H 1
| #define HAVE_STRINGS_H 1
| #define HAVE_INTTYPES_H 1
| #define HAVE_STDINT_H 1
| #define HAVE_UNISTD_H 1
| #define HAVE_ARPA_INET_H 1
| #define HAVE_FCNTL_H 1
| #define HAVE_NETDB_H 1
| #define HAVE_STDINT_H 1
| #define HAVE_STDLIB_H 1
| #define HAVE_STRING_H 1
| #define HAVE_SYS_IOCTL_H 1
| #define HAVE_SYS_SOCKET_H 1
| #define HAVE_SYS_TIME_H 1
| #define HAVE_SYSLOG_H 1
| #define HAVE_TERMIOS_H 1
| #define HAVE_UNISTD_H 1
| #define HAVE_SYS_TYPES_H 1
| #define HAVE_SYS_IPC_H 1
| #define HAVE_SYS_SEM_H 1
| /* end confdefs.h.  */
| #include <stdio.h>
| #ifdef HAVE_SYS_TYPES_H
| # include <sys/types.h>
| #endif
| #ifdef HAVE_SYS_STAT_H
| # include <sys/stat.h>
| #endif
| #ifdef STDC_HEADERS
| # include <stdlib.h>
| # include <stddef.h>
| #else
| # ifdef HAVE_STDLIB_H
| #  include <stdlib.h>
| # endif
| #endif
| #ifdef HAVE_STRING_H
| # if !defined STDC_HEADERS && defined HAVE_MEMORY_H
| #  include <memory.h>
| # endif
| # include <string.h>
| #endif
| #ifdef HAVE_STRINGS_H
| # include <strings.h>
| #endif
| #ifdef HAVE_INTTYPES_H
| # include <inttypes.h>
| #endif
| #ifdef HAVE_STDINT_H
| # include <stdint.h>
| #endif
| #ifdef HAVE_UNISTD_H
| # include <unistd.h>
| #endif
| 	        enum { N = 8 / 2 - 1 };
| int
| main ()
| {
| static int test_array [1 - 2 * !((int8_t) (((((int8_t) 1 << N) << N) - 1) * 2 + 1)
| 		 < (int8_t) (((((int8_t) 1 << N) << N) - 1) * 2 + 2))];
| test_array [0] = 0;
| return test_array [0];
| 
|   ;
|   return 0;
| }
configure:4315: result: yes
configure:4326: checking for pid_t
configure:4326: gcc -c -g -O2  -I/usr/include/libxml2 conftest.c >&5
configure:4326: $? = 0
configure:4326: gcc -c -g -O2  -I/usr/include/libxml2 conftest.c >&5
conftest.c: In function 'main':
conftest.c:72:20: error: expected expression before ')' token
configure:4326: $? = 1
configure: failed program was:
| /* confdefs.h */
| #define PACKAGE_NAME "vcontrol"
| #define PACKAGE_TARNAME "vcontrol"
| #define PACKAGE_VERSION "1.0"
| #define PACKAGE_STRING "vcontrol 1.0"
| #define PACKAGE_BUGREPORT "mschroether@gmx.de"
| #define PACKAGE_URL ""
| #define PACKAGE "vcontrol"
| #define VERSION "1.0"
| #define STDC_HEADERS 1
| #define HAVE_SYS_TYPES_H 1
| #define HAVE_SYS_STAT_H 1
| #define HAVE_STDLIB_H 1
| #define HAVE_STRING_H 1
| #define HAVE_MEMORY_H 1
| #define HAVE_STRINGS_H 1
| #define HAVE_INTTYPES_H 1
| #define HAVE_STDINT_H 1
| #define HAVE_UNISTD_H 1
| #define HAVE_ARPA_INET_H 1
| #define HAVE_FCNTL_H 1
| #define HAVE_NETDB_H 1
| #define HAVE_STDINT_H 1
| #define HAVE_STDLIB_H 1
| #define HAVE_STRING_H 1
| #define HAVE_SYS_IOCTL_H 1
| #define HAVE_SYS_SOCKET_H 1
| #define HAVE_SYS_TIME_H 1
| #define HAVE_SYSLOG_H 1
| #define HAVE_TERMIOS_H 1
| #define HAVE_UNISTD_H 1
| #define HAVE_SYS_TYPES_H 1
| #define HAVE_SYS_IPC_H 1
| #define HAVE_SYS_SEM_H 1
| /* end confdefs.h.  */
| #include <stdio.h>
| #ifdef HAVE_SYS_TYPES_H
| # include <sys/types.h>
| #endif
| #ifdef HAVE_SYS_STAT_H
| # include <sys/stat.h>
| #endif
| #ifdef STDC_HEADERS
| # include <stdlib.h>
| # include <stddef.h>
| #else
| # ifdef HAVE_STDLIB_H
| #  include <stdlib.h>
| # endif
| #endif
| #ifdef HAVE_STRING_H
| # if !defined STDC_HEADERS && defined HAVE_MEMORY_H
| #  include <memory.h>
| # endif
| # include <string.h>
| #endif
| #ifdef HAVE_STRINGS_H
| # include <strings.h>
| #endif
| #ifdef HAVE_INTTYPES_H
| # include <inttypes.h>
| #endif
| #ifdef HAVE_STDINT_H
| # include <stdint.h>
| #endif
| #ifdef HAVE_UNISTD_H
| # include <unistd.h>
| #endif
| int
| main ()
| {
| if (sizeof ((pid_t)))
| 	    return 0;
|   ;
|   return 0;
| }
configure:4326: result: yes
configure:4337: checking for size_t
configure:4337: gcc -c -g -O2  -I/usr/include/libxml2 conftest.c >&5
configure:4337: $? = 0
configure:4337: gcc -c -g -O2  -I/usr/include/libxml2 conftest.c >&5
conftest.c: In function 'main':
conftest.c:72:21: error: expected expression before ')' token
configure:4337: $? = 1
configure: failed program was:
| /* confdefs.h */
| #define PACKAGE_NAME "vcontrol"
| #define PACKAGE_TARNAME "vcontrol"
| #define PACKAGE_VERSION "1.0"
| #define PACKAGE_STRING "vcontrol 1.0"
| #define PACKAGE_BUGREPORT "mschroether@gmx.de"
| #define PACKAGE_URL ""
| #define PACKAGE "vcontrol"
| #define VERSION "1.0"
| #define STDC_HEADERS 1
| #define HAVE_SYS_TYPES_H 1
| #define HAVE_SYS_STAT_H 1
| #define HAVE_STDLIB_H 1
| #define HAVE_STRING_H 1
| #define HAVE_MEMORY_H 1
| #define HAVE_STRINGS_H 1
| #define HAVE_INTTYPES_H 1
| #define HAVE_STDINT_H 1
| #define HAVE_UNISTD_H 1
| #define HAVE_ARPA_INET_H 1
| #define HAVE_FCNTL_H 1
| #define HAVE_NETDB_H 1
| #define HAVE_STDINT_H 1
| #define HAVE_STDLIB_H 1
| #define HAVE_STRING_H 1
| #define HAVE_SYS_IOCTL_H 1
| #define HAVE_SYS_SOCKET_H 1
| #define HAVE_SYS_TIME_H 1
| #define HAVE_SYSLOG_H 1
| #define HAVE_TERMIOS_H 1
| #define HAVE_UNISTD_H 1
| #define HAVE_SYS_TYPES_H 1
| #define HAVE_SYS_IPC_H 1
| #define HAVE_SYS_SEM_H 1
| /* end confdefs.h.  */
| #include <stdio.h>
| #ifdef HAVE_SYS_TYPES_H
| # include <sys/types.h>
| #endif
| #ifdef HAVE_SYS_STAT_H
| # include <sys/stat.h>
| #endif
| #ifdef STDC_HEADERS
| # include <stdlib.h>
| # include <stddef.h>
| #else
| # ifdef HAVE_STDLIB_H
| #  include <stdlib.h>
| # endif
| #endif
| #ifdef HAVE_STRING_H
| # if !defined STDC_HEADERS && defined HAVE_MEMORY_H
| #  include <memory.h>
| # endif
| # include <string.h>
| #endif
| #ifdef HAVE_STRINGS_H
| # include <strings.h>
| #endif
| #ifdef HAVE_INTTYPES_H
| # include <inttypes.h>
| #endif
| #ifdef HAVE_STDINT_H
| # include <stdint.h>
| #endif
| #ifdef HAVE_UNISTD_H
| # include <unistd.h>
| #endif
| int
| main ()
| {
| if (sizeof ((size_t)))
| 	    return 0;
|   ;
|   return 0;
| }
configure:4337: result: yes
configure:4348: checking for ssize_t
configure:4348: gcc -c -g -O2  -I/usr/include/libxml2 conftest.c >&5
configure:4348: $? = 0
configure:4348: gcc -c -g -O2  -I/usr/include/libxml2 conftest.c >&5
conftest.c: In function 'main':
conftest.c:72:22: error: expected expression before ')' token
configure:4348: $? = 1
configure: failed program was:
| /* confdefs.h */
| #define PACKAGE_NAME "vcontrol"
| #define PACKAGE_TARNAME "vcontrol"
| #define PACKAGE_VERSION "1.0"
| #define PACKAGE_STRING "vcontrol 1.0"
| #define PACKAGE_BUGREPORT "mschroether@gmx.de"
| #define PACKAGE_URL ""
| #define PACKAGE "vcontrol"
| #define VERSION "1.0"
| #define STDC_HEADERS 1
| #define HAVE_SYS_TYPES_H 1
| #define HAVE_SYS_STAT_H 1
| #define HAVE_STDLIB_H 1
| #define HAVE_STRING_H 1
| #define HAVE_MEMORY_H 1
| #define HAVE_STRINGS_H 1
| #define HAVE_INTTYPES_H 1
| #define HAVE_STDINT_H 1
| #define HAVE_UNISTD_H 1
| #define HAVE_ARPA_INET_H 1
| #define HAVE_FCNTL_H 1
| #define HAVE_NETDB_H 1
| #define HAVE_STDINT_H 1
| #define HAVE_STDLIB_H 1
| #define HAVE_STRING_H 1
| #define HAVE_SYS_IOCTL_H 1
| #define HAVE_SYS_SOCKET_H 1
| #define HAVE_SYS_TIME_H 1
| #define HAVE_SYSLOG_H 1
| #define HAVE_TERMIOS_H 1
| #define HAVE_UNISTD_H 1
| #define HAVE_SYS_TYPES_H 1
| #define HAVE_SYS_IPC_H 1
| #define HAVE_SYS_SEM_H 1
| /* end confdefs.h.  */
| #include <stdio.h>
| #ifdef HAVE_SYS_TYPES_H
| # include <sys/types.h>
| #endif
| #ifdef HAVE_SYS_STAT_H
| # include <sys/stat.h>
| #endif
| #ifdef STDC_HEADERS
| # include <stdlib.h>
| # include <stddef.h>
| #else
| # ifdef HAVE_STDLIB_H
| #  include <stdlib.h>
| # endif
| #endif
| #ifdef HAVE_STRING_H
| # if !defined STDC_HEADERS && defined HAVE_MEMORY_H
| #  include <memory.h>
| # endif
| # include <string.h>
| #endif
| #ifdef HAVE_STRINGS_H
| # include <strings.h>
| #endif
| #ifdef HAVE_INTTYPES_H
| # include <inttypes.h>
| #endif
| #ifdef HAVE_STDINT_H
| # include <stdint.h>
| #endif
| #ifdef HAVE_UNISTD_H
| # include <unistd.h>
| #endif
| int
| main ()
| {
| if (sizeof ((ssize_t)))
| 	    return 0;
|   ;
|   return 0;
| }
configure:4348: result: yes
configure:4359: checking whether struct tm is in sys/time.h or time.h
configure:4379: gcc -c -g -O2  -I/usr/include/libxml2 conftest.c >&5
configure:4379: $? = 0
configure:4386: result: time.h
configure:4394: checking for uint16_t
configure:4394: gcc -c -g -O2  -I/usr/include/libxml2 conftest.c >&5
configure:4394: $? = 0
configure:4394: result: yes
configure:4406: checking for uint32_t
configure:4406: gcc -c -g -O2  -I/usr/include/libxml2 conftest.c >&5
configure:4406: $? = 0
configure:4406: result: yes
configure:4420: checking for uint8_t
configure:4420: gcc -c -g -O2  -I/usr/include/libxml2 conftest.c >&5
configure:4420: $? = 0
configure:4420: result: yes
configure:4438: checking vfork.h usability
configure:4438: gcc -c -g -O2  -I/usr/include/libxml2 conftest.c >&5
conftest.c:69:19: fatal error: vfork.h: No such file or directory
compilation terminated.
configure:4438: $? = 1
configure: failed program was:
| /* confdefs.h */
| #define PACKAGE_NAME "vcontrol"
| #define PACKAGE_TARNAME "vcontrol"
| #define PACKAGE_VERSION "1.0"
| #define PACKAGE_STRING "vcontrol 1.0"
| #define PACKAGE_BUGREPORT "mschroether@gmx.de"
| #define PACKAGE_URL ""
| #define PACKAGE "vcontrol"
| #define VERSION "1.0"
| #define STDC_HEADERS 1
| #define HAVE_SYS_TYPES_H 1
| #define HAVE_SYS_STAT_H 1
| #define HAVE_STDLIB_H 1
| #define HAVE_STRING_H 1
| #define HAVE_MEMORY_H 1
| #define HAVE_STRINGS_H 1
| #define HAVE_INTTYPES_H 1
| #define HAVE_STDINT_H 1
| #define HAVE_UNISTD_H 1
| #define HAVE_ARPA_INET_H 1
| #define HAVE_FCNTL_H 1
| #define HAVE_NETDB_H 1
| #define HAVE_STDINT_H 1
| #define HAVE_STDLIB_H 1
| #define HAVE_STRING_H 1
| #define HAVE_SYS_IOCTL_H 1
| #define HAVE_SYS_SOCKET_H 1
| #define HAVE_SYS_TIME_H 1
| #define HAVE_SYSLOG_H 1
| #define HAVE_TERMIOS_H 1
| #define HAVE_UNISTD_H 1
| #define HAVE_SYS_TYPES_H 1
| #define HAVE_SYS_IPC_H 1
| #define HAVE_SYS_SEM_H 1
| /* end confdefs.h.  */
| #include <stdio.h>
| #ifdef HAVE_SYS_TYPES_H
| # include <sys/types.h>
| #endif
| #ifdef HAVE_SYS_STAT_H
| # include <sys/stat.h>
| #endif
| #ifdef STDC_HEADERS
| # include <stdlib.h>
| # include <stddef.h>
| #else
| # ifdef HAVE_STDLIB_H
| #  include <stdlib.h>
| # endif
| #endif
| #ifdef HAVE_STRING_H
| # if !defined STDC_HEADERS && defined HAVE_MEMORY_H
| #  include <memory.h>
| # endif
| # include <string.h>
| #endif
| #ifdef HAVE_STRINGS_H
| # include <strings.h>
| #endif
| #ifdef HAVE_INTTYPES_H
| # include <inttypes.h>
| #endif
| #ifdef HAVE_STDINT_H
| # include <stdint.h>
| #endif
| #ifdef HAVE_UNISTD_H
| # include <unistd.h>
| #endif
| #include <vfork.h>
configure:4438: result: no
configure:4438: checking vfork.h presence
configure:4438: gcc -E  -I/usr/include/libxml2 conftest.c
conftest.c:36:19: fatal error: vfork.h: No such file or directory
compilation terminated.
configure:4438: $? = 1
configure: failed program was:
| /* confdefs.h */
| #define PACKAGE_NAME "vcontrol"
| #define PACKAGE_TARNAME "vcontrol"
| #define PACKAGE_VERSION "1.0"
| #define PACKAGE_STRING "vcontrol 1.0"
| #define PACKAGE_BUGREPORT "mschroether@gmx.de"
| #define PACKAGE_URL ""
| #define PACKAGE "vcontrol"
| #define VERSION "1.0"
| #define STDC_HEADERS 1
| #define HAVE_SYS_TYPES_H 1
| #define HAVE_SYS_STAT_H 1
| #define HAVE_STDLIB_H 1
| #define HAVE_STRING_H 1
| #define HAVE_MEMORY_H 1
| #define HAVE_STRINGS_H 1
| #define HAVE_INTTYPES_H 1
| #define HAVE_STDINT_H 1
| #define HAVE_UNISTD_H 1
| #define HAVE_ARPA_INET_H 1
| #define HAVE_FCNTL_H 1
| #define HAVE_NETDB_H 1
| #define HAVE_STDINT_H 1
| #define HAVE_STDLIB_H 1
| #define HAVE_STRING_H 1
| #define HAVE_SYS_IOCTL_H 1
| #define HAVE_SYS_SOCKET_H 1
| #define HAVE_SYS_TIME_H 1
| #define HAVE_SYSLOG_H 1
| #define HAVE_TERMIOS_H 1
| #define HAVE_UNISTD_H 1
| #define HAVE_SYS_TYPES_H 1
| #define HAVE_SYS_IPC_H 1
| #define HAVE_SYS_SEM_H 1
| /* end confdefs.h.  */
| #include <vfork.h>
configure:4438: result: no
configure:4438: checking for vfork.h
configure:4438: result: no
configure:4451: checking for fork
configure:4451: gcc -o conftest -g -O2  -I/usr/include/libxml2  conftest.c -lxml2  >&5
conftest.c:59:6: warning: conflicting types for built-in function 'fork' [enabled by default]
configure:4451: $? = 0
configure:4451: result: yes
configure:4451: checking for vfork
configure:4451: gcc -o conftest -g -O2  -I/usr/include/libxml2  conftest.c -lxml2  >&5
configure:4451: $? = 0
configure:4451: result: yes
configure:4461: checking for working fork
configure:4483: gcc -o conftest -g -O2  -I/usr/include/libxml2  conftest.c -lxml2  >&5
configure:4483: $? = 0
configure:4483: ./conftest
configure:4483: $? = 0
configure:4493: result: yes
configure:4514: checking for working vfork
configure:4624: result: yes
configure:4650: checking whether gcc needs -traditional
configure:4684: result: no
configure:4691: checking for working memcmp
configure:4734: gcc -o conftest -g -O2  -I/usr/include/libxml2  conftest.c -lxml2  >&5
configure:4734: $? = 0
configure:4734: ./conftest
configure:4734: $? = 0
configure:4744: result: yes
configure:4753: checking return type of signal handlers
configure:4771: gcc -c -g -O2  -I/usr/include/libxml2 conftest.c >&5
conftest.c: In function 'main':
conftest.c:46:1: error: void value not ignored as it ought to be
configure:4771: $? = 1
configure: failed program was:
| /* confdefs.h */
| #define PACKAGE_NAME "vcontrol"
| #define PACKAGE_TARNAME "vcontrol"
| #define PACKAGE_VERSION "1.0"
| #define PACKAGE_STRING "vcontrol 1.0"
| #define PACKAGE_BUGREPORT "mschroether@gmx.de"
| #define PACKAGE_URL ""
| #define PACKAGE "vcontrol"
| #define VERSION "1.0"
| #define STDC_HEADERS 1
| #define HAVE_SYS_TYPES_H 1
| #define HAVE_SYS_STAT_H 1
| #define HAVE_STDLIB_H 1
| #define HAVE_STRING_H 1
| #define HAVE_MEMORY_H 1
| #define HAVE_STRINGS_H 1
| #define HAVE_INTTYPES_H 1
| #define HAVE_STDINT_H 1
| #define HAVE_UNISTD_H 1
| #define HAVE_ARPA_INET_H 1
| #define HAVE_FCNTL_H 1
| #define HAVE_NETDB_H 1
| #define HAVE_STDINT_H 1
| #define HAVE_STDLIB_H 1
| #define HAVE_STRING_H 1
| #define HAVE_SYS_IOCTL_H 1
| #define HAVE_SYS_SOCKET_H 1
| #define HAVE_SYS_TIME_H 1
| #define HAVE_SYSLOG_H 1
| #define HAVE_TERMIOS_H 1
| #define HAVE_UNISTD_H 1
| #define HAVE_SYS_TYPES_H 1
| #define HAVE_SYS_IPC_H 1
| #define HAVE_SYS_SEM_H 1
| #define HAVE_FORK 1
| #define HAVE_VFORK 1
| #define HAVE_WORKING_VFORK 1
| #define HAVE_WORKING_FORK 1
| /* end confdefs.h.  */
| #include <sys/types.h>
| #include <signal.h>
| 
| int
| main ()
| {
| return *(signal (0, 0)) (0) == 1;
|   ;
|   return 0;
| }
configure:4778: result: void
configure:4789: checking for alarm
configure:4789: gcc -o conftest -g -O2  -I/usr/include/libxml2  conftest.c -lxml2  >&5
configure:4789: $? = 0
configure:4789: result: yes
configure:4789: checking for bzero
configure:4789: gcc -o conftest -g -O2  -I/usr/include/libxml2  conftest.c -lxml2  >&5
conftest.c:65:6: warning: conflicting types for built-in function 'bzero' [enabled by default]
configure:4789: $? = 0
configure:4789: result: yes
configure:4789: checking for gethostbyname
configure:4789: gcc -o conftest -g -O2  -I/usr/include/libxml2  conftest.c -lxml2  >&5
configure:4789: $? = 0
configure:4789: result: yes
configure:4789: checking for socket
configure:4789: gcc -o conftest -g -O2  -I/usr/include/libxml2  conftest.c -lxml2  >&5
configure:4789: $? = 0
configure:4789: result: yes
configure:4789: checking for strchr
configure:4789: gcc -o conftest -g -O2  -I/usr/include/libxml2  conftest.c -lxml2  >&5
conftest.c:68:6: warning: conflicting types for built-in function 'strchr' [enabled by default]
configure:4789: $? = 0
configure:4789: result: yes
configure:4789: checking for strerror
configure:4789: gcc -o conftest -g -O2  -I/usr/include/libxml2  conftest.c -lxml2  >&5
configure:4789: $? = 0
configure:4789: result: yes
configure:4789: checking for strstr
configure:4789: gcc -o conftest -g -O2  -I/usr/include/libxml2  conftest.c -lxml2  >&5
conftest.c:70:6: warning: conflicting types for built-in function 'strstr' [enabled by default]
configure:4789: $? = 0
configure:4789: result: yes
configure:4959: creating ./config.status

## ---------------------- ##
## Running config.status. ##
## ---------------------- ##

This file was extended by vcontrol config.status 1.0, which was
generated by GNU Autoconf 2.69.  Invocation command line was

  CONFIG_FILES    = 
  CONFIG_HEADERS  = 
  CONFIG_LINKS    = 
  CONFIG_COMMANDS = 
  $ ./config.status 

on raspberrypi2

config.status:755: creating Makefile

## ---------------- ##
## Cache variables. ##
## ---------------- ##

ac_cv_c_compiler_gnu=yes
ac_cv_c_const=yes
ac_cv_c_int16_t=yes
ac_cv_c_int32_t=yes
ac_cv_c_int8_t=yes
ac_cv_c_uint16_t=yes
ac_cv_c_uint32_t=yes
ac_cv_c_uint8_t=yes
ac_cv_env_CC_set=
ac_cv_env_CC_value=
ac_cv_env_CFLAGS_set=
ac_cv_env_CFLAGS_value=
ac_cv_env_CPPFLAGS_set=
ac_cv_env_CPPFLAGS_value=
ac_cv_env_CPP_set=
ac_cv_env_CPP_value=
ac_cv_env_LDFLAGS_set=
ac_cv_env_LDFLAGS_value=
ac_cv_env_LIBS_set=
ac_cv_env_LIBS_value=
ac_cv_env_build_alias_set=
ac_cv_env_build_alias_value=
ac_cv_env_host_alias_set=
ac_cv_env_host_alias_value=
ac_cv_env_target_alias_set=
ac_cv_env_target_alias_value=
ac_cv_func_alarm=yes
ac_cv_func_bzero=yes
ac_cv_func_fork=yes
ac_cv_func_fork_works=yes
ac_cv_func_gethostbyname=yes
ac_cv_func_memcmp_working=yes
ac_cv_func_socket=yes
ac_cv_func_strchr=yes
ac_cv_func_strerror=yes
ac_cv_func_strstr=yes
ac_cv_func_vfork=yes
ac_cv_func_vfork_works=yes
ac_cv_header_arpa_inet_h=yes
ac_cv_header_fcntl_h=yes
ac_cv_header_inttypes_h=yes
ac_cv_header_memory_h=yes
ac_cv_header_netdb_h=yes
ac_cv_header_stdc=yes
ac_cv_header_stdint_h=yes
ac_cv_header_stdlib_h=yes
ac_cv_header_string_h=yes
ac_cv_header_strings_h=yes
ac_cv_header_sys_ioctl_h=yes
ac_cv_header_sys_ipc_h=yes
ac_cv_header_sys_sem_h=yes
ac_cv_header_sys_socket_h=yes
ac_cv_header_sys_stat_h=yes
ac_cv_header_sys_time_h=yes
ac_cv_header_sys_types_h=yes
ac_cv_header_syslog_h=yes
ac_cv_header_termios_h=yes
ac_cv_header_unistd_h=yes
ac_cv_header_vfork_h=no
ac_cv_lib_xml2_xmlParseFile=yes
ac_cv_objext=o
ac_cv_path_EGREP='/bin/grep -E'
ac_cv_path_GREP=/bin/grep
ac_cv_path_install='/usr/bin/install -c'
ac_cv_path_mkdir=/bin/mkdir
ac_cv_prog_AWK=mawk
ac_cv_prog_CPP='gcc -E'
ac_cv_prog_ac_ct_CC=gcc
ac_cv_prog_cc_c89=
ac_cv_prog_cc_g=yes
ac_cv_prog_gcc_traditional=no
ac_cv_prog_make_make_set=yes
ac_cv_struct_tm=time.h
ac_cv_type_pid_t=yes
ac_cv_type_signal=void
ac_cv_type_size_t=yes
ac_cv_type_ssize_t=yes

## ----------------- ##
## Output variables. ##
## ----------------- ##

ACLOCAL='${SHELL} /home/pi/vcontrold-code/trunk/vcontrold/missing --run aclocal-1.11'
AMTAR='$${TAR-tar}'
AUTOCONF='${SHELL} /home/pi/vcontrold-code/trunk/vcontrold/missing --run autoconf'
AUTOHEADER='${SHELL} /home/pi/vcontrold-code/trunk/vcontrold/missing --run autoheader'
AUTOMAKE='${SHELL} /home/pi/vcontrold-code/trunk/vcontrold/missing --run automake-1.11'
AWK='mawk'
CC='gcc'
CFLAGS='-g -O2'
CPP='gcc -E'
CPPFLAGS=' -I/usr/include/libxml2'
CYGPATH_W='echo'
DEFS='-DPACKAGE_NAME=\"vcontrol\" -DPACKAGE_TARNAME=\"vcontrol\" -DPACKAGE_VERSION=\"1.0\" -DPACKAGE_STRING=\"vcontrol\ 1.0\" -DPACKAGE_BUGREPORT=\"mschroether@gmx.de\" -DPACKAGE_URL=\"\" -DPACKAGE=\"vcontrol\" -DVERSION=\"1.0\" -DSTDC_HEADERS=1 -DHAVE_SYS_TYPES_H=1 -DHAVE_SYS_STAT_H=1 -DHAVE_STDLIB_H=1 -DHAVE_STRING_H=1 -DHAVE_MEMORY_H=1 -DHAVE_STRINGS_H=1 -DHAVE_INTTYPES_H=1 -DHAVE_STDINT_H=1 -DHAVE_UNISTD_H=1 -DHAVE_ARPA_INET_H=1 -DHAVE_FCNTL_H=1 -DHAVE_NETDB_H=1 -DHAVE_STDINT_H=1 -DHAVE_STDLIB_H=1 -DHAVE_STRING_H=1 -DHAVE_SYS_IOCTL_H=1 -DHAVE_SYS_SOCKET_H=1 -DHAVE_SYS_TIME_H=1 -DHAVE_SYSLOG_H=1 -DHAVE_TERMIOS_H=1 -DHAVE_UNISTD_H=1 -DHAVE_SYS_TYPES_H=1 -DHAVE_SYS_IPC_H=1 -DHAVE_SYS_SEM_H=1 -DHAVE_FORK=1 -DHAVE_VFORK=1 -DHAVE_WORKING_VFORK=1 -DHAVE_WORKING_FORK=1 -DRETSIGTYPE=void -DHAVE_ALARM=1 -DHAVE_BZERO=1 -DHAVE_GETHOSTBYNAME=1 -DHAVE_SOCKET=1 -DHAVE_STRCHR=1 -DHAVE_STRERROR=1 -DHAVE_STRSTR=1'
ECHO_C=''
ECHO_N='-n'
ECHO_T=''
EGREP='/bin/grep -E'
EXEEXT=''
GREP='/bin/grep'
INSTALL_DATA='${INSTALL} -m 644'
INSTALL_PROGRAM='${INSTALL}'
INSTALL_SCRIPT='${INSTALL}'
INSTALL_STRIP_PROGRAM='$(install_sh) -c -s'
LDFLAGS=''
LIBOBJS=''
LIBS='-lxml2 '
LTLIBOBJS=''
MAKEINFO='${SHELL} /home/pi/vcontrold-code/trunk/vcontrold/missing --run makeinfo'
MKDIR_P='/bin/mkdir -p'
OBJEXT='o'
PACKAGE='vcontrol'
PACKAGE_BUGREPORT='mschroether@gmx.de'
PACKAGE_NAME='vcontrol'
PACKAGE_STRING='vcontrol 1.0'
PACKAGE_TARNAME='vcontrol'
PACKAGE_URL=''
PACKAGE_VERSION='1.0'
PATH_SEPARATOR=':'
SET_MAKE=''
SHELL='/bin/bash'
STRIP=''
VERSION='1.0'
ac_ct_CC='gcc'
am__EXEEXT_FALSE=''
am__EXEEXT_TRUE='#'
am__isrc=''
am__leading_dot='.'
am__tar='$${TAR-tar} chof - "$$tardir"'
am__untar='$${TAR-tar} xf -'
bindir='${exec_prefix}/bin'
build_alias=''
datadir='${datarootdir}'
datarootdir='${prefix}/share'
docdir='${datarootdir}/doc/${PACKAGE_TARNAME}'
dvidir='${docdir}'
exec_prefix='${prefix}'
host_alias=''
htmldir='${docdir}'
includedir='${prefix}/include'
infodir='${datarootdir}/info'
install_sh='${SHELL} /home/pi/vcontrold-code/trunk/vcontrold/install-sh'
libdir='${exec_prefix}/lib'
libexecdir='${exec_prefix}/libexec'
localedir='${datarootdir}/locale'
localstatedir='${prefix}/var'
mandir='${datarootdir}/man'
mkdir_p='/bin/mkdir -p'
oldincludedir='/usr/include'
pdfdir='${docdir}'
prefix='/usr/local'
program_transform_name='s,x,x,'
psdir='${docdir}'
sbindir='${exec_prefix}/sbin'
sharedstatedir='${prefix}/com'
sysconfdir='${prefix}/etc'
target_alias=''

## ----------- ##
## confdefs.h. ##
## ----------- ##

/* confdefs.h */
#define PACKAGE_NAME "vcontrol"
#define PACKAGE_TARNAME "vcontrol"
#define PACKAGE_VERSION "1.0"
#define PACKAGE_STRING "vcontrol 1.0"
#define PACKAGE_BUGREPORT "mschroether@gmx.de"
#define PACKAGE_URL ""
#define PACKAGE "vcontrol"
#define VERSION "1.0"
#define STDC_HEADERS 1
#define HAVE_SYS_TYPES_H 1
#define HAVE_SYS_STAT_H 1
#define HAVE_STDLIB_H 1
#define HAVE_STRING_H 1
#define HAVE_MEMORY_H 1
#define HAVE_STRINGS_H 1
#define HAVE_INTTYPES_H 1
#define HAVE_STDINT_H 1
#define HAVE_UNISTD_H 1
#define HAVE_ARPA_INET_H 1
#define HAVE_FCNTL_H 1
#define HAVE_NETDB_H 1
#define HAVE_STDINT_H 1
#define HAVE_STDLIB_H 1
#define HAVE_STRING_H 1
#define HAVE_SYS_IOCTL_H 1
#define HAVE_SYS_SOCKET_H 1
#define HAVE_SYS_TIME_H 1
#define HAVE_SYSLOG_H 1
#define HAVE_TERMIOS_H 1
#define HAVE_UNISTD_H 1
#define HAVE_SYS_TYPES_H 1
#define HAVE_SYS_IPC_H 1
#define HAVE_SYS_SEM_H 1
#define HAVE_FORK 1
#define HAVE_VFORK 1
#define HAVE_WORKING_VFORK 1
#define HAVE_WORKING_FORK 1
#define RETSIGTYPE void
#define HAVE_ALARM 1
#define HAVE_BZERO 1
#define HAVE_GETHOSTBYNAME 1
#define HAVE_SOCKET 1
#define HAVE_STRCHR 1
#define HAVE_STRERROR 1
#define HAVE_STRSTR 1

configure: exit 0
